<?xml version="1.0" encoding="UTF-8"?>
<!-- Generated by org.testng.reporters.JUnitReportReporter -->
<testsuite hostname="Sandeep" failures="0" tests="10" name="assessment_GIC.IV_SignUpValidation" time="99.566" errors="0" timestamp="2024-09-10T15:54:41 IST" skipped="0">
  <testcase classname="assessment_GIC.IV_SignUpValidation" name="SignUpValidation1" time="9.911"/>
  <system-out>
    <![CDATA[SignUp Failed ErrorMessage = Email: Email already exists.]]>
  </system-out>
  <testcase classname="assessment_GIC.IV_SignUpValidation" name="SignUpValidation2" time="9.794"/>
  <system-out>
    <![CDATA[SignUp Failed ErrorMessage = Email: This field is required.
Password: This field is required.]]>
  </system-out>
  <testcase classname="assessment_GIC.IV_SignUpValidation" name="signUpValidation3" time="9.920"/>
  <system-out>
    <![CDATA[SignUp Failed ErrorMessage = Email: This field is required.
Password: This field is required.]]>
  </system-out>
  <testcase classname="assessment_GIC.IV_SignUpValidation" name="signUpValidation4" time="9.810"/>
  <system-out>
    <![CDATA[SignUp Failed ErrorMessage = Email: Email already exists.
Password: This field is required.]]>
  </system-out>
  <testcase classname="assessment_GIC.IV_SignUpValidation" name="signUpValidation5" time="9.798"/>
  <system-out>
    <![CDATA[SignUp Failed ErrorMessage = Email: Must be a valid email address.
Password: This password is too short. It must contain at least 8 characters. This password is too common. This password is entirely numeric.]]>
  </system-out>
  <testcase classname="assessment_GIC.IV_SignUpValidation" name="signUpValidation6" time="9.922"/>
  <system-out>
    <![CDATA[SignUp Failed ErrorMessage = Email: Must be a valid email address.]]>
  </system-out>
  <testcase classname="assessment_GIC.IV_SignUpValidation" name="signUpValidation7" time="9.875"/>
  <system-out>
    <![CDATA[SignUp Failed ErrorMessage = Email: Email already exists.]]>
  </system-out>
  <testcase classname="assessment_GIC.IV_SignUpValidation" name="signUpValidation8" time="10.464"/>
  <system-out>
    <![CDATA[SignUp Failed ErrorMessage = Email: Must be a valid email address.]]>
  </system-out>
  <testcase classname="assessment_GIC.IV_SignUpValidation" name="signUpValidation9" time="10.099"/>
  <system-out>
    <![CDATA[SignUp Failed ErrorMessage = Email: Email already exists.]]>
  </system-out>
  <testcase classname="assessment_GIC.IV_SignUpValidation" name="signUpValidation10" time="9.973"/>
  <system-out>
    <![CDATA[SignUp Failed ErrorMessage = Email: Must be a valid email address.]]>
  </system-out>
</testsuite> <!-- assessment_GIC.IV_SignUpValidation -->
