<?xml version="1.0" encoding="UTF-8"?>
<!-- Generated by org.testng.reporters.JUnitReportReporter -->
<testsuite hostname="Sandeep" failures="0" tests="1" name="assessment_GIC.VII_UploadCV" time="12.937" errors="0" timestamp="2024-09-10T15:54:41 IST" skipped="0">
  <testcase classname="assessment_GIC.VII_UploadCV" name="UploadFile" time="12.937"/>
  <system-out/>
</testsuite> <!-- assessment_GIC.VII_UploadCV -->
