<?xml version="1.0" encoding="UTF-8"?>
<!-- Generated by org.testng.reporters.JUnitReportReporter -->
<testsuite hostname="Sandeep" failures="0" tests="1" name="assessment_GIC.VIII_SeeEachFeature" time="52.466" errors="0" timestamp="2024-09-10T15:54:41 IST" skipped="0">
  <testcase classname="assessment_GIC.VIII_SeeEachFeature" name="allFeatures" time="52.466"/>
  <system-out/>
</testsuite> <!-- assessment_GIC.VIII_SeeEachFeature -->
