<?xml version="1.0" encoding="UTF-8"?>
<!-- Generated by org.testng.reporters.JUnitReportReporter -->
<testsuite hostname="Sandeep" failures="0" tests="6" name="assessment_GIC.VI_LoginValidation" time="48.268" errors="0" timestamp="2024-09-10T15:54:41 IST" skipped="0">
  <testcase classname="assessment_GIC.VI_LoginValidation" name="loginValidation1" time="8.564"/>
  <system-out>
    <![CDATA[Login successful for Email: sandeepsaroj72040@gmail.com and password: Sandeep@12345]]>
  </system-out>
  <testcase classname="assessment_GIC.VI_LoginValidation" name="loginValidation2" time="7.963"/>
  <system-out>
    <![CDATA[Login Failed ErrorMessage = Please enter a correct username and password. Note that both fields may be case-sensitive.]]>
  </system-out>
  <testcase classname="assessment_GIC.VI_LoginValidation" name="loginValidation3" time="7.529"/>
  <system-out>
    <![CDATA[Login Failed ErrorMessage = Email: This field is required.]]>
  </system-out>
  <testcase classname="assessment_GIC.VI_LoginValidation" name="loginValidation4" time="8.063"/>
  <system-out>
    <![CDATA[Login Failed ErrorMessage = Please enter a correct username and password. Note that both fields may be case-sensitive.]]>
  </system-out>
  <testcase classname="assessment_GIC.VI_LoginValidation" name="loginValidation5" time="8.069"/>
  <system-out>
    <![CDATA[Login Failed ErrorMessage = Please enter a correct username and password. Note that both fields may be case-sensitive.]]>
  </system-out>
  <testcase classname="assessment_GIC.VI_LoginValidation" name="loginValidation6" time="8.080"/>
  <system-out>
    <![CDATA[Login Failed ErrorMessage = Please enter a correct username and password. Note that both fields may be case-sensitive.]]>
  </system-out>
</testsuite> <!-- assessment_GIC.VI_LoginValidation -->
