<?xml version="1.0" encoding="UTF-8"?>
<!-- Generated by org.testng.reporters.JUnitReportReporter -->
<testsuite hostname="Sandeep" failures="0" tests="1" name="assessment_GIC.V_LoginPage" time="7.348" errors="0" timestamp="2024-09-10T15:54:41 IST" skipped="0">
  <testcase classname="assessment_GIC.V_LoginPage" name="signInTextfield" time="7.348"/>
  <system-out>
    <![CDATA[Email TextField is Displayed
Password TextField is Displayed
Login button is Enabled]]>
  </system-out>
</testsuite> <!-- assessment_GIC.V_LoginPage -->
