<?xml version="1.0" encoding="UTF-8"?>
<!-- Generated by org.testng.reporters.JUnitReportReporter -->
<testsuite hostname="Sandeep" failures="0" tests="2" name="assessment_GIC.III_SignUPPage" time="15.591" errors="0" timestamp="2024-09-10T15:54:41 IST" skipped="0">
  <testcase classname="assessment_GIC.III_SignUPPage" name="webPageTitle" time="7.993"/>
  <system-out>
    <![CDATA[Title of WebPage: Login | Germany Is Calling]]>
  </system-out>
  <testcase classname="assessment_GIC.III_SignUPPage" name="signUpTextfields" time="7.598"/>
  <system-out>
    <![CDATA[Name TextField is Displayed
Email TextField is Displayed
Password TextField is Displayed
SignUp button is Enabled]]>
  </system-out>
</testsuite> <!-- assessment_GIC.III_SignUPPage -->
